;;; Setup Log File Opened 03/16/99 11:54:19

  Der Benutzer wählte das Zielverzeichnis: D:\EURO

;; CopyFilesInCopyList
[24] Overwriting file: 'D:\EURO\4WIN_E.ICO'
[22] Using Windows VER.DLL to copy file: 'D:\4CLIENTS\4WIN_E.ICO',  to: 'D:\EURO\4WIN_E.ICO'
[24] Overwriting file: 'D:\EURO\BTRIEVE.EXE'
[22] Using Windows VER.DLL to copy file: 'D:\4CLIENTS\BTRIEVE.EXE',  to: 'D:\EURO\BTRIEVE.EXE'
[24] Overwriting file: 'D:\EURO\4WIN.BAT'
[22] Using Windows VER.DLL to copy file: 'D:\4CLIENTS\4WIN.BAT',  to: 'D:\EURO\4WIN.BAT'
[24] Overwriting file: 'D:\EURO\T01\D_BACK.BAT'
[22] Using Windows VER.DLL to copy file: 'D:\4CLIENTS\T01\D_BACK.BAT',  to: 'D:\EURO\T01\D_BACK.BAT'
[24] Overwriting file: 'D:\EURO\T01\D_REST.BAT'
[22] Using Windows VER.DLL to copy file: 'D:\4CLIENTS\T01\D_REST.BAT',  to: 'D:\EURO\T01\D_REST.BAT'
[24] Overwriting file: 'D:\EURO\T01\EUROINST'
[22] Using Windows VER.DLL to copy file: 'D:\4CLIENTS\T01\EUROINST',  to: 'D:\EURO\T01\EUROINST'
[24] Overwriting file: 'D:\EURO\T01\F_BACK.BAT'
[22] Using Windows VER.DLL to copy file: 'D:\4CLIENTS\T01\F_BACK.BAT',  to: 'D:\EURO\T01\F_BACK.BAT'
[24] Overwriting file: 'D:\EURO\T01\F_REST.BAT'
[22] Using Windows VER.DLL to copy file: 'D:\4CLIENTS\T01\F_REST.BAT',  to: 'D:\EURO\T01\F_REST.BAT'
[24] Overwriting file: 'D:\EURO\T01\FF.BAT'
[22] Using Windows VER.DLL to copy file: 'D:\4CLIENTS\T01\FF.BAT',  to: 'D:\EURO\T01\FF.BAT'
[24] Overwriting file: 'D:\EURO\T01\HI_FILES.BAT'
[22] Using Windows VER.DLL to copy file: 'D:\4CLIENTS\T01\HI_FILES.BAT',  to: 'D:\EURO\T01\HI_FILES.BAT'
[24] Overwriting file: 'D:\EURO\T01\HI_INST.BAT'
[22] Using Windows VER.DLL to copy file: 'D:\4CLIENTS\T01\HI_INST.BAT',  to: 'D:\EURO\T01\HI_INST.BAT'
[24] Overwriting file: 'D:\EURO\T01\HI_PROG.BAT'
[22] Using Windows VER.DLL to copy file: 'D:\4CLIENTS\T01\HI_PROG.BAT',  to: 'D:\EURO\T01\HI_PROG.BAT'
[24] Overwriting file: 'D:\EURO\T01\INST_01.043'
[22] Using Windows VER.DLL to copy file: 'D:\4CLIENTS\T01\INST_01.043',  to: 'D:\EURO\T01\INST_01.043'
[24] Overwriting file: 'D:\EURO\T01\MENU.BTR'
[22] Using Windows VER.DLL to copy file: 'D:\4CLIENTS\T01\MENU.BTR',  to: 'D:\EURO\T01\MENU.BTR'
[24] Overwriting file: 'D:\EURO\T01\MENU.EXE'
[22] Using Windows VER.DLL to copy file: 'D:\4CLIENTS\T01\MENU.EXE',  to: 'D:\EURO\T01\MENU.EXE'
[24] Overwriting file: 'D:\EURO\T01\PW.BAT'
[22] Using Windows VER.DLL to copy file: 'D:\4CLIENTS\T01\PW.BAT',  to: 'D:\EURO\T01\PW.BAT'
[24] Overwriting file: 'D:\EURO\T01\PW0.BAT'
[22] Using Windows VER.DLL to copy file: 'D:\4CLIENTS\T01\PW0.BAT',  to: 'D:\EURO\T01\PW0.BAT'
[24] Overwriting file: 'D:\EURO\T01\PW1.BAT'
[22] Using Windows VER.DLL to copy file: 'D:\4CLIENTS\T01\PW1.BAT',  to: 'D:\EURO\T01\PW1.BAT'
[24] Overwriting file: 'D:\EURO\T01\PW2.BAT'
[22] Using Windows VER.DLL to copy file: 'D:\4CLIENTS\T01\PW2.BAT',  to: 'D:\EURO\T01\PW2.BAT'
[24] Overwriting file: 'D:\EURO\T01\PWCHANGE.BAT'
[22] Using Windows VER.DLL to copy file: 'D:\4CLIENTS\T01\PWCHANGE.BAT',  to: 'D:\EURO\T01\PWCHANGE.BAT'
[24] Overwriting file: 'D:\EURO\T01\WORD.BAT'
[22] Using Windows VER.DLL to copy file: 'D:\4CLIENTS\T01\WORD.BAT',  to: 'D:\EURO\T01\WORD.BAT'
[24] Overwriting file: 'D:\EURO\4INFO.ICO'
[22] Using Windows VER.DLL to copy file: 'D:\4CLIENTS\4INFO.ICO',  to: 'D:\EURO\4INFO.ICO'
[24] Overwriting file: 'D:\EURO\BSTOP.EXE'
[22] Using Windows VER.DLL to copy file: 'D:\4CLIENTS\BSTOP.EXE',  to: 'D:\EURO\BSTOP.EXE'
[24] Overwriting file: 'D:\EURO\BUTIL.EXE'
[22] Using Windows VER.DLL to copy file: 'D:\4CLIENTS\BUTIL.EXE',  to: 'D:\EURO\BUTIL.EXE'
[24] Overwriting file: 'D:\EURO\LHARC.DOC'
[22] Using Windows VER.DLL to copy file: 'D:\4CLIENTS\LHARC.DOC',  to: 'D:\EURO\LHARC.DOC'
[24] Overwriting file: 'D:\EURO\LHARC.EXE'
[22] Using Windows VER.DLL to copy file: 'D:\4CLIENTS\LHARC.EXE',  to: 'D:\EURO\LHARC.EXE'
[24] Overwriting file: 'D:\EURO\DAT\STFORM.043'
[22] Using Windows VER.DLL to copy file: 'D:\4CLIENTS\DAT\STFORM.043',  to: 'D:\EURO\DAT\STFORM.043'
[24] Overwriting file: 'D:\EURO\DAT\SYFORM.043'
[22] Using Windows VER.DLL to copy file: 'D:\4CLIENTS\DAT\SYFORM.043',  to: 'D:\EURO\DAT\SYFORM.043'
[24] Overwriting file: 'D:\EURO\DAT\SYFORM.BTR'
[22] Using Windows VER.DLL to copy file: 'D:\4CLIENTS\DAT\SYFORM.BTR',  to: 'D:\EURO\DAT\SYFORM.BTR'
[24] Overwriting file: 'D:\EURO\DAT\SYP_01.BTR'
[22] Using Windows VER.DLL to copy file: 'D:\4CLIENTS\DAT\SYP_01.BTR',  to: 'D:\EURO\DAT\SYP_01.BTR'
[24] Overwriting file: 'D:\EURO\DAT\SYP_02.BTR'
[22] Using Windows VER.DLL to copy file: 'D:\4CLIENTS\DAT\SYP_02.BTR',  to: 'D:\EURO\DAT\SYP_02.BTR'
[24] Overwriting file: 'D:\EURO\DAT\SYPARA.BTR'
[22] Using Windows VER.DLL to copy file: 'D:\4CLIENTS\DAT\SYPARA.BTR',  to: 'D:\EURO\DAT\SYPARA.BTR'
[24] Overwriting file: 'D:\EURO\DAT\SYPRINT.BTR'
[22] Using Windows VER.DLL to copy file: 'D:\4CLIENTS\DAT\SYPRINT.BTR',  to: 'D:\EURO\DAT\SYPRINT.BTR'
[24] Overwriting file: 'D:\EURO\DAT\SYPRINTM.BTR'
[22] Using Windows VER.DLL to copy file: 'D:\4CLIENTS\DAT\SYPRINTM.BTR',  to: 'D:\EURO\DAT\SYPRINTM.BTR'
[24] Overwriting file: 'D:\EURO\DAT\SYTEIL.BTR'
[22] Using Windows VER.DLL to copy file: 'D:\4CLIENTS\DAT\SYTEIL.BTR',  to: 'D:\EURO\DAT\SYTEIL.BTR'
[24] Overwriting file: 'D:\EURO\EXE\ERROR.043'
[22] Using Windows VER.DLL to copy file: 'D:\4CLIENTS\EXE\ERROR.043',  to: 'D:\EURO\EXE\ERROR.043'
[24] Overwriting file: 'D:\EURO\EXE\EUROINST.EXE'
[22] Using Windows VER.DLL to copy file: 'D:\4CLIENTS\EXE\EUROINST.EXE',  to: 'D:\EURO\EXE\EUROINST.EXE'
[24] Overwriting file: 'D:\EURO\EXE\FF.PRN'
[22] Using Windows VER.DLL to copy file: 'D:\4CLIENTS\EXE\FF.PRN',  to: 'D:\EURO\EXE\FF.PRN'
[24] Overwriting file: 'D:\EURO\EXE\GERMAN_U.ACS'
[22] Using Windows VER.DLL to copy file: 'D:\4CLIENTS\EXE\GERMAN_U.ACS',  to: 'D:\EURO\EXE\GERMAN_U.ACS'
[24] Overwriting file: 'D:\EURO\EXE\SCROLL.EXE'
[22] Using Windows VER.DLL to copy file: 'D:\4CLIENTS\EXE\SCROLL.EXE',  to: 'D:\EURO\EXE\SCROLL.EXE'
[24] Overwriting file: 'D:\EURO\EXE\SHOW.COM'
[22] Using Windows VER.DLL to copy file: 'D:\4CLIENTS\EXE\SHOW.COM',  to: 'D:\EURO\EXE\SHOW.COM'
[24] Overwriting file: 'D:\EURO\EXE\SHOWMEM.EXE'
[22] Using Windows VER.DLL to copy file: 'D:\4CLIENTS\EXE\SHOWMEM.EXE',  to: 'D:\EURO\EXE\SHOWMEM.EXE'
[24] Overwriting file: 'D:\EURO\EXE\ST1100.EXE'
[22] Using Windows VER.DLL to copy file: 'D:\4CLIENTS\EXE\ST1100.EXE',  to: 'D:\EURO\EXE\ST1100.EXE'
[24] Overwriting file: 'D:\EURO\EXE\ST4100.EXE'
[22] Using Windows VER.DLL to copy file: 'D:\4CLIENTS\EXE\ST4100.EXE',  to: 'D:\EURO\EXE\ST4100.EXE'
[24] Overwriting file: 'D:\EURO\EXE\STMASK.043'
[22] Using Windows VER.DLL to copy file: 'D:\4CLIENTS\EXE\STMASK.043',  to: 'D:\EURO\EXE\STMASK.043'
[24] Overwriting file: 'D:\EURO\EXE\SY1100.EXE'
[22] Using Windows VER.DLL to copy file: 'D:\4CLIENTS\EXE\SY1100.EXE',  to: 'D:\EURO\EXE\SY1100.EXE'
[24] Overwriting file: 'D:\EURO\EXE\SY4100.EXE'
[22] Using Windows VER.DLL to copy file: 'D:\4CLIENTS\EXE\SY4100.EXE',  to: 'D:\EURO\EXE\SY4100.EXE'
[24] Overwriting file: 'D:\EURO\EXE\SYMASK.043'
[22] Using Windows VER.DLL to copy file: 'D:\4CLIENTS\EXE\SYMASK.043',  to: 'D:\EURO\EXE\SYMASK.043'
[24] Overwriting file: 'D:\EURO\HLP\STHLP10.043'
[22] Using Windows VER.DLL to copy file: 'D:\4CLIENTS\HLP\STHLP10.043',  to: 'D:\EURO\HLP\STHLP10.043'
[24] Overwriting file: 'D:\EURO\HLP\STINDEX.043'
[22] Using Windows VER.DLL to copy file: 'D:\4CLIENTS\HLP\STINDEX.043',  to: 'D:\EURO\HLP\STINDEX.043'
[24] Overwriting file: 'D:\EURO\HLP\STPROG.043'
[22] Using Windows VER.DLL to copy file: 'D:\4CLIENTS\HLP\STPROG.043',  to: 'D:\EURO\HLP\STPROG.043'
[24] Overwriting file: 'D:\EURO\HLP\SYFILES.043'
[22] Using Windows VER.DLL to copy file: 'D:\4CLIENTS\HLP\SYFILES.043',  to: 'D:\EURO\HLP\SYFILES.043'
[24] Overwriting file: 'D:\EURO\HLP\SYHLP00.043'
[22] Using Windows VER.DLL to copy file: 'D:\4CLIENTS\HLP\SYHLP00.043',  to: 'D:\EURO\HLP\SYHLP00.043'
[24] Overwriting file: 'D:\EURO\HLP\SYHLP10.043'
[22] Using Windows VER.DLL to copy file: 'D:\4CLIENTS\HLP\SYHLP10.043',  to: 'D:\EURO\HLP\SYHLP10.043'
[24] Overwriting file: 'D:\EURO\HLP\SYINDEX.043'
[22] Using Windows VER.DLL to copy file: 'D:\4CLIENTS\HLP\SYINDEX.043',  to: 'D:\EURO\HLP\SYINDEX.043'
[24] Overwriting file: 'D:\EURO\HLP\SYINST.043'
[22] Using Windows VER.DLL to copy file: 'D:\4CLIENTS\HLP\SYINST.043',  to: 'D:\EURO\HLP\SYINST.043'
[24] Overwriting file: 'D:\EURO\HLP\SYPROG.043'
[22] Using Windows VER.DLL to copy file: 'D:\4CLIENTS\HLP\SYPROG.043',  to: 'D:\EURO\HLP\SYPROG.043'
[24] Overwriting file: 'D:\EURO\SPOOL\4SPOOL.EXE'
[22] Using Windows VER.DLL to copy file: 'D:\4CLIENTS\SPOOL\4SPOOL.EXE',  to: 'D:\EURO\SPOOL\4SPOOL.EXE'
[24] Overwriting file: 'D:\EURO\SPOOL\4SPOOL.HLP'
[22] Using Windows VER.DLL to copy file: 'D:\4CLIENTS\SPOOL\4SPOOL.HLP',  to: 'D:\EURO\SPOOL\4SPOOL.HLP'
[24] Overwriting file: 'D:\EURO\4WIN.WRI'
[22] Using Windows VER.DLL to copy file: 'D:\4CLIENTS\4WIN.WRI',  to: 'D:\EURO\4WIN.WRI'
[24] Overwriting file: 'D:\EURO\4WIN_E.ICO'
[22] Using Windows VER.DLL to copy file: 'D:\4CLIENTS\4WIN_E.ICO',  to: 'D:\EURO\4WIN_E.ICO'
[24] Overwriting file: 'D:\EURO\DAT\FIFORM.043'
[22] Using Windows VER.DLL to copy file: 'D:\4CLIENTS\DAT\FIFORM.043',  to: 'D:\EURO\DAT\FIFORM.043'
[24] Overwriting file: 'D:\EURO\DAT\D01\FI1115.BT$'
[22] Using Windows VER.DLL to copy file: 'D:\4CLIENTS\DAT\D01\FI1115.BT$',  to: 'D:\EURO\DAT\D01\FI1115.BT$'
[24] Overwriting file: 'D:\EURO\DAT\D01\FI1115.BTR'
[22] Using Windows VER.DLL to copy file: 'D:\4CLIENTS\DAT\D01\FI1115.BTR',  to: 'D:\EURO\DAT\D01\FI1115.BTR'
[24] Overwriting file: 'D:\EURO\DAT\D01\FI1215.BT$'
[22] Using Windows VER.DLL to copy file: 'D:\4CLIENTS\DAT\D01\FI1215.BT$',  to: 'D:\EURO\DAT\D01\FI1215.BT$'
[24] Overwriting file: 'D:\EURO\DAT\D01\FI1215.BTR'
[22] Using Windows VER.DLL to copy file: 'D:\4CLIENTS\DAT\D01\FI1215.BTR',  to: 'D:\EURO\DAT\D01\FI1215.BTR'
[24] Overwriting file: 'D:\EURO\DAT\D01\ST1100.BTR'
[22] Using Windows VER.DLL to copy file: 'D:\4CLIENTS\DAT\D01\ST1100.BTR',  to: 'D:\EURO\DAT\D01\ST1100.BTR'
[24] Overwriting file: 'D:\EURO\DAT\D01\ST1200.BTR'
[22] Using Windows VER.DLL to copy file: 'D:\4CLIENTS\DAT\D01\ST1200.BTR',  to: 'D:\EURO\DAT\D01\ST1200.BTR'
[24] Overwriting file: 'D:\EURO\DAT\D01\1997\FI0130.BTR'
[22] Using Windows VER.DLL to copy file: 'D:\4CLIENTS\DAT\D01\1997\FI0130.BTR',  to: 'D:\EURO\DAT\D01\1997\FI0130.BTR'
[24] Overwriting file: 'D:\EURO\DAT\D01\1997\FI0150.BTR'
[22] Using Windows VER.DLL to copy file: 'D:\4CLIENTS\DAT\D01\1997\FI0150.BTR',  to: 'D:\EURO\DAT\D01\1997\FI0150.BTR'
[24] Overwriting file: 'D:\EURO\DAT\D01\1997\FI1110.BTR'
[22] Using Windows VER.DLL to copy file: 'D:\4CLIENTS\DAT\D01\1997\FI1110.BTR',  to: 'D:\EURO\DAT\D01\1997\FI1110.BTR'
[24] Overwriting file: 'D:\EURO\DAT\D01\1997\FI1210.BTR'
[22] Using Windows VER.DLL to copy file: 'D:\4CLIENTS\DAT\D01\1997\FI1210.BTR',  to: 'D:\EURO\DAT\D01\1997\FI1210.BTR'
[24] Overwriting file: 'D:\EURO\DAT\D01\1997\FI1310.BTR'
[22] Using Windows VER.DLL to copy file: 'D:\4CLIENTS\DAT\D01\1997\FI1310.BTR',  to: 'D:\EURO\DAT\D01\1997\FI1310.BTR'
[24] Overwriting file: 'D:\EURO\DAT\D01\1997\FI1500.BTR'
[22] Using Windows VER.DLL to copy file: 'D:\4CLIENTS\DAT\D01\1997\FI1500.BTR',  to: 'D:\EURO\DAT\D01\1997\FI1500.BTR'
[24] Overwriting file: 'D:\EURO\DAT\D01\1997\FI1600.BTR'
[22] Using Windows VER.DLL to copy file: 'D:\4CLIENTS\DAT\D01\1997\FI1600.BTR',  to: 'D:\EURO\DAT\D01\1997\FI1600.BTR'
[24] Overwriting file: 'D:\EURO\DAT\D01\1997\ST1110.BTR'
[22] Using Windows VER.DLL to copy file: 'D:\4CLIENTS\DAT\D01\1997\ST1110.BTR',  to: 'D:\EURO\DAT\D01\1997\ST1110.BTR'
[24] Overwriting file: 'D:\EURO\DAT\D01\1997\ST1210.BTR'
[22] Using Windows VER.DLL to copy file: 'D:\4CLIENTS\DAT\D01\1997\ST1210.BTR',  to: 'D:\EURO\DAT\D01\1997\ST1210.BTR'
[24] Overwriting file: 'D:\EURO\DAT\D01\1997\ST1300.BTR'
[22] Using Windows VER.DLL to copy file: 'D:\4CLIENTS\DAT\D01\1997\ST1300.BTR',  to: 'D:\EURO\DAT\D01\1997\ST1300.BTR'
[24] Overwriting file: 'D:\EURO\DAT\D01\1997\SYP_50.BTR'
[22] Using Windows VER.DLL to copy file: 'D:\4CLIENTS\DAT\D01\1997\SYP_50.BTR',  to: 'D:\EURO\DAT\D01\1997\SYP_50.BTR'
[24] Overwriting file: 'D:\EURO\EXE\FI1100.EXE'
[22] Using Windows VER.DLL to copy file: 'D:\4CLIENTS\EXE\FI1100.EXE',  to: 'D:\EURO\EXE\FI1100.EXE'
[24] Overwriting file: 'D:\EURO\EXE\FI1500.EXE'
[22] Using Windows VER.DLL to copy file: 'D:\4CLIENTS\EXE\FI1500.EXE',  to: 'D:\EURO\EXE\FI1500.EXE'
[24] Overwriting file: 'D:\EURO\EXE\FI3100.EXE'
[22] Using Windows VER.DLL to copy file: 'D:\4CLIENTS\EXE\FI3100.EXE',  to: 'D:\EURO\EXE\FI3100.EXE'
[24] Overwriting file: 'D:\EURO\EXE\FI3110.EXE'
[22] Using Windows VER.DLL to copy file: 'D:\4CLIENTS\EXE\FI3110.EXE',  to: 'D:\EURO\EXE\FI3110.EXE'
[24] Overwriting file: 'D:\EURO\EXE\FI4100.EXE'
[22] Using Windows VER.DLL to copy file: 'D:\4CLIENTS\EXE\FI4100.EXE',  to: 'D:\EURO\EXE\FI4100.EXE'
[24] Overwriting file: 'D:\EURO\EXE\FI4110.EXE'
[22] Using Windows VER.DLL to copy file: 'D:\4CLIENTS\EXE\FI4110.EXE',  to: 'D:\EURO\EXE\FI4110.EXE'
[24] Overwriting file: 'D:\EURO\EXE\FIMASK.043'
[22] Using Windows VER.DLL to copy file: 'D:\4CLIENTS\EXE\FIMASK.043',  to: 'D:\EURO\EXE\FIMASK.043'
[24] Overwriting file: 'D:\EURO\HLP\FIHLP10.043'
[22] Using Windows VER.DLL to copy file: 'D:\4CLIENTS\HLP\FIHLP10.043',  to: 'D:\EURO\HLP\FIHLP10.043'
[24] Overwriting file: 'D:\EURO\HLP\FIINDEX.043'
[22] Using Windows VER.DLL to copy file: 'D:\4CLIENTS\HLP\FIINDEX.043',  to: 'D:\EURO\HLP\FIINDEX.043'
[24] Overwriting file: 'D:\EURO\HLP\FIPROG.043'
[22] Using Windows VER.DLL to copy file: 'D:\4CLIENTS\HLP\FIPROG.043',  to: 'D:\EURO\HLP\FIPROG.043'
[24] Overwriting file: 'D:\EURO\4WIN.WRI'
[22] Using Windows VER.DLL to copy file: 'D:\4CLIENTS\4WIN.WRI',  to: 'D:\EURO\4WIN.WRI'
[24] Overwriting file: 'D:\EURO\4WIN_E.ICO'
[22] Using Windows VER.DLL to copy file: 'D:\4CLIENTS\4WIN_E.ICO',  to: 'D:\EURO\4WIN_E.ICO'
[24] Overwriting file: 'D:\EURO\DAT\AUFORM.043'
[22] Using Windows VER.DLL to copy file: 'D:\4CLIENTS\DAT\AUFORM.043',  to: 'D:\EURO\DAT\AUFORM.043'
[24] Overwriting file: 'D:\EURO\DAT\D01\ST1100.BTR'
[22] Using Windows VER.DLL to copy file: 'D:\4CLIENTS\DAT\D01\ST1100.BTR',  to: 'D:\EURO\DAT\D01\ST1100.BTR'
[24] Overwriting file: 'D:\EURO\DAT\D01\ST1200.BTR'
[22] Using Windows VER.DLL to copy file: 'D:\4CLIENTS\DAT\D01\ST1200.BTR',  to: 'D:\EURO\DAT\D01\ST1200.BTR'
[24] Overwriting file: 'D:\EURO\DAT\D01\ST1400.BTR'
[22] Using Windows VER.DLL to copy file: 'D:\4CLIENTS\DAT\D01\ST1400.BTR',  to: 'D:\EURO\DAT\D01\ST1400.BTR'
[24] Overwriting file: 'D:\EURO\DAT\D01\VS1110.BTR'
[22] Using Windows VER.DLL to copy file: 'D:\4CLIENTS\DAT\D01\VS1110.BTR',  to: 'D:\EURO\DAT\D01\VS1110.BTR'
[24] Overwriting file: 'D:\EURO\DAT\D01\1997\AU2100.BTR'
[22] Using Windows VER.DLL to copy file: 'D:\4CLIENTS\DAT\D01\1997\AU2100.BTR',  to: 'D:\EURO\DAT\D01\1997\AU2100.BTR'
[24] Overwriting file: 'D:\EURO\DAT\D01\1997\AU2101.BTR'
[22] Using Windows VER.DLL to copy file: 'D:\4CLIENTS\DAT\D01\1997\AU2101.BTR',  to: 'D:\EURO\DAT\D01\1997\AU2101.BTR'
[24] Overwriting file: 'D:\EURO\DAT\D01\1997\ST1110.BTR'
[22] Using Windows VER.DLL to copy file: 'D:\4CLIENTS\DAT\D01\1997\ST1110.BTR',  to: 'D:\EURO\DAT\D01\1997\ST1110.BTR'
[24] Overwriting file: 'D:\EURO\DAT\D01\1997\ST1210.BTR'
[22] Using Windows VER.DLL to copy file: 'D:\4CLIENTS\DAT\D01\1997\ST1210.BTR',  to: 'D:\EURO\DAT\D01\1997\ST1210.BTR'
[24] Overwriting file: 'D:\EURO\DAT\D01\1997\ST1300.BTR'
[22] Using Windows VER.DLL to copy file: 'D:\4CLIENTS\DAT\D01\1997\ST1300.BTR',  to: 'D:\EURO\DAT\D01\1997\ST1300.BTR'
[24] Overwriting file: 'D:\EURO\DAT\D01\1997\ST1330.BTR'
[22] Using Windows VER.DLL to copy file: 'D:\4CLIENTS\DAT\D01\1997\ST1330.BTR',  to: 'D:\EURO\DAT\D01\1997\ST1330.BTR'
[24] Overwriting file: 'D:\EURO\DAT\D01\1997\ST1700.BTR'
[22] Using Windows VER.DLL to copy file: 'D:\4CLIENTS\DAT\D01\1997\ST1700.BTR',  to: 'D:\EURO\DAT\D01\1997\ST1700.BTR'
[24] Overwriting file: 'D:\EURO\DAT\D01\1997\ST1800.BTR'
[22] Using Windows VER.DLL to copy file: 'D:\4CLIENTS\DAT\D01\1997\ST1800.BTR',  to: 'D:\EURO\DAT\D01\1997\ST1800.BTR'
[24] Overwriting file: 'D:\EURO\DAT\D01\1997\SYP_50.BTR'
[22] Using Windows VER.DLL to copy file: 'D:\4CLIENTS\DAT\D01\1997\SYP_50.BTR',  to: 'D:\EURO\DAT\D01\1997\SYP_50.BTR'
[24] Overwriting file: 'D:\EURO\EXE\AU2100.EXE'
[22] Using Windows VER.DLL to copy file: 'D:\4CLIENTS\EXE\AU2100.EXE',  to: 'D:\EURO\EXE\AU2100.EXE'
[24] Overwriting file: 'D:\EURO\EXE\AU4200.EXE'
[22] Using Windows VER.DLL to copy file: 'D:\4CLIENTS\EXE\AU4200.EXE',  to: 'D:\EURO\EXE\AU4200.EXE'
[24] Overwriting file: 'D:\EURO\EXE\AUMASK.043'
[22] Using Windows VER.DLL to copy file: 'D:\4CLIENTS\EXE\AUMASK.043',  to: 'D:\EURO\EXE\AUMASK.043'
[24] Overwriting file: 'D:\EURO\FORM\AU\AUF2100.M'
[22] Using Windows VER.DLL to copy file: 'D:\4CLIENTS\FORM\AU\AUF2100.M',  to: 'D:\EURO\FORM\AU\AUF2100.M'
[24] Overwriting file: 'D:\EURO\FORM\AU\AUF2100.ORG'
[22] Using Windows VER.DLL to copy file: 'D:\4CLIENTS\FORM\AU\AUF2100.ORG',  to: 'D:\EURO\FORM\AU\AUF2100.ORG'
[24] Overwriting file: 'D:\EURO\FORM\AU\AUF2110.M'
[22] Using Windows VER.DLL to copy file: 'D:\4CLIENTS\FORM\AU\AUF2110.M',  to: 'D:\EURO\FORM\AU\AUF2110.M'
[24] Overwriting file: 'D:\EURO\FORM\AU\AUF2110.ORG'
[22] Using Windows VER.DLL to copy file: 'D:\4CLIENTS\FORM\AU\AUF2110.ORG',  to: 'D:\EURO\FORM\AU\AUF2110.ORG'
[24] Overwriting file: 'D:\EURO\FORM\AU\AUF2120.M'
[22] Using Windows VER.DLL to copy file: 'D:\4CLIENTS\FORM\AU\AUF2120.M',  to: 'D:\EURO\FORM\AU\AUF2120.M'
[24] Overwriting file: 'D:\EURO\FORM\AU\AUF2120.ORG'
[22] Using Windows VER.DLL to copy file: 'D:\4CLIENTS\FORM\AU\AUF2120.ORG',  to: 'D:\EURO\FORM\AU\AUF2120.ORG'
[24] Overwriting file: 'D:\EURO\FORM\AU\AUF2130.M'
[22] Using Windows VER.DLL to copy file: 'D:\4CLIENTS\FORM\AU\AUF2130.M',  to: 'D:\EURO\FORM\AU\AUF2130.M'
[24] Overwriting file: 'D:\EURO\FORM\AU\AUF2130.ORG'
[22] Using Windows VER.DLL to copy file: 'D:\4CLIENTS\FORM\AU\AUF2130.ORG',  to: 'D:\EURO\FORM\AU\AUF2130.ORG'
[24] Overwriting file: 'D:\EURO\FORM\AU\AUF2140.ORG'
[22] Using Windows VER.DLL to copy file: 'D:\4CLIENTS\FORM\AU\AUF2140.ORG',  to: 'D:\EURO\FORM\AU\AUF2140.ORG'
[24] Overwriting file: 'D:\EURO\FORM\AU\AUF2140.M'
[22] Using Windows VER.DLL to copy file: 'D:\4CLIENTS\FORM\AU\AUF2140.M',  to: 'D:\EURO\FORM\AU\AUF2140.M'
[24] Overwriting file: 'D:\EURO\HLP\AUHLP10.043'
[22] Using Windows VER.DLL to copy file: 'D:\4CLIENTS\HLP\AUHLP10.043',  to: 'D:\EURO\HLP\AUHLP10.043'
[24] Overwriting file: 'D:\EURO\HLP\AUINDEX.043'
[22] Using Windows VER.DLL to copy file: 'D:\4CLIENTS\HLP\AUINDEX.043',  to: 'D:\EURO\HLP\AUINDEX.043'
[24] Overwriting file: 'D:\EURO\HLP\AUPROG.043'
[22] Using Windows VER.DLL to copy file: 'D:\4CLIENTS\HLP\AUPROG.043',  to: 'D:\EURO\HLP\AUPROG.043'
[24] Overwriting file: 'D:\EURO\4WIN.WRI'
[22] Using Windows VER.DLL to copy file: 'D:\4CLIENTS\4WIN.WRI',  to: 'D:\EURO\4WIN.WRI'
[24] Overwriting file: 'D:\EURO\4WIN_E.ICO'
[22] Using Windows VER.DLL to copy file: 'D:\4CLIENTS\4WIN_E.ICO',  to: 'D:\EURO\4WIN_E.ICO'
[24] Overwriting file: 'D:\EURO\DAT\KAFORM.043'
[22] Using Windows VER.DLL to copy file: 'D:\4CLIENTS\DAT\KAFORM.043',  to: 'D:\EURO\DAT\KAFORM.043'
[24] Overwriting file: 'D:\EURO\DAT\D01\1997\KA1300.BTR'
[22] Using Windows VER.DLL to copy file: 'D:\4CLIENTS\DAT\D01\1997\KA1300.BTR',  to: 'D:\EURO\DAT\D01\1997\KA1300.BTR'
[24] Overwriting file: 'D:\EURO\EXE\KAMASK.043'
[22] Using Windows VER.DLL to copy file: 'D:\4CLIENTS\EXE\KAMASK.043',  to: 'D:\EURO\EXE\KAMASK.043'
[24] Overwriting file: 'D:\EURO\EXE\ST1100.EXE'
[22] Using Windows VER.DLL to copy file: 'D:\4CLIENTS\EXE\ST1100.EXE',  to: 'D:\EURO\EXE\ST1100.EXE'
[24] Overwriting file: 'D:\EURO\EXE\ST4100.EXE'
[22] Using Windows VER.DLL to copy file: 'D:\4CLIENTS\EXE\ST4100.EXE',  to: 'D:\EURO\EXE\ST4100.EXE'
[24] Overwriting file: 'D:\EURO\HLP\KAHLP10.043'
[22] Using Windows VER.DLL to copy file: 'D:\4CLIENTS\HLP\KAHLP10.043',  to: 'D:\EURO\HLP\KAHLP10.043'
[24] Overwriting file: 'D:\EURO\HLP\KAINDEX.043'
[22] Using Windows VER.DLL to copy file: 'D:\4CLIENTS\HLP\KAINDEX.043',  to: 'D:\EURO\HLP\KAINDEX.043'
[24] Overwriting file: 'D:\EURO\HLP\KAPROG.043'
[22] Using Windows VER.DLL to copy file: 'D:\4CLIENTS\HLP\KAPROG.043',  to: 'D:\EURO\HLP\KAPROG.043'
[24] Overwriting file: 'D:\EURO\4WIN.WRI'
[22] Using Windows VER.DLL to copy file: 'D:\4CLIENTS\4WIN.WRI',  to: 'D:\EURO\4WIN.WRI'
[24] Overwriting file: 'D:\EURO\4WIN_E.ICO'
[22] Using Windows VER.DLL to copy file: 'D:\4CLIENTS\4WIN_E.ICO',  to: 'D:\EURO\4WIN_E.ICO'
[24] Overwriting file: 'D:\EURO\DAT\KAFORM.043'
[22] Using Windows VER.DLL to copy file: 'D:\4CLIENTS\DAT\KAFORM.043',  to: 'D:\EURO\DAT\KAFORM.043'
[24] Overwriting file: 'D:\EURO\DAT\SYP_01.BTR'
[22] Using Windows VER.DLL to copy file: 'D:\4CLIENTS\DAT\SYP_01.BTR',  to: 'D:\EURO\DAT\SYP_01.BTR'
[24] Overwriting file: 'D:\EURO\DAT\SYP_05.BTR'
[22] Using Windows VER.DLL to copy file: 'D:\4CLIENTS\DAT\SYP_05.BTR',  to: 'D:\EURO\DAT\SYP_05.BTR'
[24] Overwriting file: 'D:\EURO\DAT\D01\KA0150.BTR'
[22] Using Windows VER.DLL to copy file: 'D:\4CLIENTS\DAT\D01\KA0150.BTR',  to: 'D:\EURO\DAT\D01\KA0150.BTR'
[24] Overwriting file: 'D:\EURO\DAT\D01\1997\KA1500.BTR'
[22] Using Windows VER.DLL to copy file: 'D:\4CLIENTS\DAT\D01\1997\KA1500.BTR',  to: 'D:\EURO\DAT\D01\1997\KA1500.BTR'
[24] Overwriting file: 'D:\EURO\EXE\KA1100.EXE'
[22] Using Windows VER.DLL to copy file: 'D:\4CLIENTS\EXE\KA1100.EXE',  to: 'D:\EURO\EXE\KA1100.EXE'
[24] Overwriting file: 'D:\EURO\EXE\KA4100.EXE'
[22] Using Windows VER.DLL to copy file: 'D:\4CLIENTS\EXE\KA4100.EXE',  to: 'D:\EURO\EXE\KA4100.EXE'
[24] Overwriting file: 'D:\EURO\EXE\KAMASK.043'
[22] Using Windows VER.DLL to copy file: 'D:\4CLIENTS\EXE\KAMASK.043',  to: 'D:\EURO\EXE\KAMASK.043'
[24] Overwriting file: 'D:\EURO\HLP\KAHLP10.043'
[22] Using Windows VER.DLL to copy file: 'D:\4CLIENTS\HLP\KAHLP10.043',  to: 'D:\EURO\HLP\KAHLP10.043'
[24] Overwriting file: 'D:\EURO\HLP\KAINDEX.043'
[22] Using Windows VER.DLL to copy file: 'D:\4CLIENTS\HLP\KAINDEX.043',  to: 'D:\EURO\HLP\KAINDEX.043'
[24] Overwriting file: 'D:\EURO\HLP\KAPROG.043'
[22] Using Windows VER.DLL to copy file: 'D:\4CLIENTS\HLP\KAPROG.043',  to: 'D:\EURO\HLP\KAPROG.043'
[55] Creating Ini Key (With Value) - file: 'WIN.INI',  section: '4win 2.0',  key: 'Auswahl',  value: 'Einplatz'
[55] Creating Ini Key (With Value) - file: 'WIN.INI',  section: '4win 2.0',  key: 'INI',  value: 'D:\EURO'
[55] Creating Ini Key (With Value) - file: 'D:\EURO\4win.INI',  section: '4win Basis  ',  key: 'Key',  value: 'Demo      '
[71] Creating ProgMan group: '4win - www.4win.com',  path: ''
[73] Creating ProgMan item - group: '4win - www.4win.com',  item: '4win 2.0  Standard-Edition,D:\EURO\4win_E.ico',  command: 'D:\EURO\4win.bat'
[71] Creating ProgMan group: '4win - www.4win.com',  path: ''
[73] Creating ProgMan item - group: '4win - www.4win.com',  item: '4win 2.0  Wichtige Infos',  command: 'WRITE D:\EURO\4WIN.WRI'
[71] Creating ProgMan group: '4win - www.4win.com',  path: ''
[73] Creating ProgMan item - group: '4win - www.4win.com',  item: '4win 2.0 Druckerspooling',  command: 'D:\EURO\spool\4spool.exe'
[71] Creating ProgMan group: '4win - www.4win.com',  path: ''
[73] Creating ProgMan item - group: '4win - www.4win.com',  item: '4win 2.0 Setup-Programm',  command: 'D:\4CLIENTS\setup.exe'
[71] Creating ProgMan group: '4win - www.4win.com',  path: ''

*** Die Installation war erfolgreich! ***
;;; Setup Log File Closed 03/16/99 11:54:22
